<?xml version="1.0" encoding="UTF-8"?>
<coverage generated="1729108448361" clover="3.2.0">
  <project timestamp="1729108448361" name="All files">
    <metrics statements="39" coveredstatements="39" conditionals="18" coveredconditionals="17" methods="14" coveredmethods="14" elements="71" coveredelements="70" complexity="0" loc="39" ncloc="39" packages="1" files="4" classes="4"/>
    <file name="battleships.ts" path="/home/brendan/Documents/Coding/projects/battleship/src/battleships.ts">
      <metrics statements="2" coveredstatements="2" conditionals="0" coveredconditionals="0" methods="1" coveredmethods="1"/>
      <line num="6" count="1" type="stmt"/>
      <line num="7" count="1" type="stmt"/>
    </file>
    <file name="gameboard.ts" path="/home/brendan/Documents/Coding/projects/battleship/src/gameboard.ts">
      <metrics statements="25" coveredstatements="25" conditionals="14" coveredconditionals="13" methods="8" coveredmethods="8"/>
      <line num="9" count="27" type="stmt"/>
      <line num="10" count="27" type="stmt"/>
      <line num="15" count="6" type="stmt"/>
      <line num="16" count="6" type="cond" truecount="1" falsecount="1"/>
      <line num="20" count="6" type="stmt"/>
      <line num="25" count="2" type="stmt"/>
      <line num="26" count="11" type="cond" truecount="2" falsecount="0"/>
      <line num="29" count="1" type="stmt"/>
      <line num="33" count="38" type="stmt"/>
      <line num="37" count="9" type="stmt"/>
      <line num="44" count="9" type="stmt"/>
      <line num="45" count="34" type="stmt"/>
      <line num="47" count="34" type="cond" truecount="2" falsecount="0"/>
      <line num="53" count="22" type="cond" truecount="2" falsecount="0"/>
      <line num="54" count="1" type="stmt"/>
      <line num="59" count="8" type="stmt"/>
      <line num="63" count="19" type="stmt"/>
      <line num="64" count="19" type="stmt"/>
      <line num="65" count="19" type="stmt"/>
      <line num="67" count="19" type="stmt"/>
      <line num="68" count="190" type="stmt"/>
      <line num="71" count="19" type="stmt"/>
      <line num="75" count="27" type="stmt"/>
      <line num="76" count="27" type="stmt"/>
      <line num="78" count="270" type="stmt"/>
    </file>
    <file name="player.ts" path="/home/brendan/Documents/Coding/projects/battleship/src/player.ts">
      <metrics statements="6" coveredstatements="6" conditionals="2" coveredconditionals="2" methods="2" coveredmethods="2"/>
      <line num="9" count="13" type="stmt"/>
      <line num="13" count="5" type="stmt"/>
      <line num="14" count="5" type="stmt"/>
      <line num="16" count="5" type="cond" truecount="2" falsecount="0"/>
      <line num="17" count="2" type="stmt"/>
      <line num="19" count="2" type="stmt"/>
    </file>
    <file name="ship.ts" path="/home/brendan/Documents/Coding/projects/battleship/src/ship.ts">
      <metrics statements="6" coveredstatements="6" conditionals="2" coveredconditionals="2" methods="3" coveredmethods="3"/>
      <line num="7" count="198" type="stmt"/>
      <line num="8" count="198" type="stmt"/>
      <line num="9" count="198" type="stmt"/>
      <line num="13" count="3" type="stmt"/>
      <line num="14" count="3" type="cond" truecount="2" falsecount="0"/>
      <line num="17" count="2" type="stmt"/>
    </file>
  </project>
</coverage>
