{"/home/brendan/Documents/Coding/projects/battleship/src/battleships.ts": {"path":"/home/brendan/Documents/Coding/projects/battleship/src/battleships.ts","statementMap":{"0":{"start":{"line":6,"column":24},"end":{"line":6,"column":36}},"1":{"start":{"line":7,"column":24},"end":{"line":7,"column":36}}},"fnMap":{"0":{"name":"(anonymous_0)","decl":{"start":{"line":5,"column":4},"end":{"line":5,"column":5}},"loc":{"start":{"line":5,"column":18},"end":{"line":8,"column":5}},"line":5}},"branchMap":{},"s":{"0":1,"1":1},"f":{"0":1},"b":{},"_coverageSchema":"1a1c01bbd47fc00a2c39e90264f33305004495a9","hash":"eb44e0af5d7ef9dbbab1cd4a2c124d3f45093bd4"}
,"/home/brendan/Documents/Coding/projects/battleship/src/gameboard.ts": {"path":"/home/brendan/Documents/Coding/projects/battleship/src/gameboard.ts","statementMap":{"0":{"start":{"line":9,"column":4},"end":{"line":9,"column":41}},"1":{"start":{"line":10,"column":4},"end":{"line":10,"column":41}},"2":{"start":{"line":15,"column":25},"end":{"line":15,"column":51}},"3":{"start":{"line":16,"column":26},"end":{"line":16,"column":27}},"4":{"start":{"line":17,"column":18},"end":{"line":17,"column":26}},"5":{"start":{"line":19,"column":6},"end":{"line":38,"column":3}},"6":{"start":{"line":21,"column":6},"end":{"line":27,"column":7}},"7":{"start":{"line":21,"column":19},"end":{"line":21,"column":20}},"8":{"start":{"line":22,"column":27},"end":{"line":22,"column":50}},"9":{"start":{"line":23,"column":10},"end":{"line":26,"column":11}},"10":{"start":{"line":24,"column":14},"end":{"line":24,"column":29}},"11":{"start":{"line":25,"column":14},"end":{"line":25,"column":21}},"12":{"start":{"line":29,"column":6},"end":{"line":29,"column":22}},"13":{"start":{"line":31,"column":6},"end":{"line":36,"column":7}},"14":{"start":{"line":32,"column":10},"end":{"line":35,"column":11}},"15":{"start":{"line":32,"column":23},"end":{"line":32,"column":24}},"16":{"start":{"line":33,"column":14},"end":{"line":33,"column":47}},"17":{"start":{"line":34,"column":14},"end":{"line":34,"column":21}},"18":{"start":{"line":43,"column":4},"end":{"line":45,"column":5}},"19":{"start":{"line":44,"column":6},"end":{"line":44,"column":49}},"20":{"start":{"line":44,"column":36},"end":{"line":44,"column":49}},"21":{"start":{"line":47,"column":4},"end":{"line":47,"column":16}},"22":{"start":{"line":51,"column":4},"end":{"line":51,"column":42}},"23":{"start":{"line":55,"column":16},"end":{"line":60,"column":5}},"24":{"start":{"line":62,"column":4},"end":{"line":73,"column":5}},"25":{"start":{"line":62,"column":17},"end":{"line":62,"column":18}},"26":{"start":{"line":63,"column":19},"end":{"line":63,"column":25}},"27":{"start":{"line":64,"column":6},"end":{"line":72,"column":7}},"28":{"start":{"line":67,"column":22},"end":{"line":67,"column":74}},"29":{"start":{"line":69,"column":8},"end":{"line":71,"column":9}},"30":{"start":{"line":70,"column":10},"end":{"line":70,"column":23}},"31":{"start":{"line":75,"column":4},"end":{"line":75,"column":16}},"32":{"start":{"line":79,"column":22},"end":{"line":79,"column":24}},"33":{"start":{"line":80,"column":23},"end":{"line":80,"column":25}},"34":{"start":{"line":81,"column":24},"end":{"line":81,"column":54}},"35":{"start":{"line":83,"column":4},"end":{"line":85,"column":5}},"36":{"start":{"line":83,"column":17},"end":{"line":83,"column":18}},"37":{"start":{"line":84,"column":6},"end":{"line":84,"column":49}},"38":{"start":{"line":87,"column":4},"end":{"line":87,"column":21}},"39":{"start":{"line":91,"column":17},"end":{"line":91,"column":19}},"40":{"start":{"line":92,"column":20},"end":{"line":92,"column":22}},"41":{"start":{"line":94,"column":4},"end":{"line":94,"column":70}},"42":{"start":{"line":94,"column":38},"end":{"line":94,"column":68}}},"fnMap":{"0":{"name":"(anonymous_0)","decl":{"start":{"line":8,"column":2},"end":{"line":8,"column":3}},"loc":{"start":{"line":8,"column":16},"end":{"line":11,"column":3}},"line":8},"1":{"name":"(anonymous_1)","decl":{"start":{"line":13,"column":2},"end":{"line":13,"column":3}},"loc":{"start":{"line":13,"column":40},"end":{"line":40,"column":3}},"line":13},"2":{"name":"(anonymous_2)","decl":{"start":{"line":42,"column":2},"end":{"line":42,"column":3}},"loc":{"start":{"line":42,"column":14},"end":{"line":48,"column":3}},"line":42},"3":{"name":"(anonymous_3)","decl":{"start":{"line":50,"column":2},"end":{"line":50,"column":3}},"loc":{"start":{"line":50,"column":27},"end":{"line":52,"column":3}},"line":50},"4":{"name":"(anonymous_4)","decl":{"start":{"line":54,"column":2},"end":{"line":54,"column":3}},"loc":{"start":{"line":54,"column":57},"end":{"line":76,"column":3}},"line":54},"5":{"name":"(anonymous_5)","decl":{"start":{"line":78,"column":2},"end":{"line":78,"column":3}},"loc":{"start":{"line":78,"column":23},"end":{"line":88,"column":3}},"line":78},"6":{"name":"(anonymous_6)","decl":{"start":{"line":90,"column":2},"end":{"line":90,"column":3}},"loc":{"start":{"line":90,"column":24},"end":{"line":95,"column":3}},"line":90},"7":{"name":"(anonymous_7)","decl":{"start":{"line":94,"column":32},"end":{"line":94,"column":33}},"loc":{"start":{"line":94,"column":38},"end":{"line":94,"column":68}},"line":94}},"branchMap":{"0":{"loc":{"start":{"line":19,"column":6},"end":{"line":38,"column":3}},"type":"if","locations":[{"start":{"line":19,"column":6},"end":{"line":38,"column":3}},{"start":{},"end":{}}],"line":19},"1":{"loc":{"start":{"line":19,"column":10},"end":{"line":19,"column":86}},"type":"binary-expr","locations":[{"start":{"line":19,"column":10},"end":{"line":19,"column":46}},{"start":{"line":19,"column":50},"end":{"line":19,"column":86}}],"line":19},"2":{"loc":{"start":{"line":23,"column":10},"end":{"line":26,"column":11}},"type":"if","locations":[{"start":{"line":23,"column":10},"end":{"line":26,"column":11}},{"start":{},"end":{}}],"line":23},"3":{"loc":{"start":{"line":23,"column":14},"end":{"line":23,"column":98}},"type":"binary-expr","locations":[{"start":{"line":23,"column":14},"end":{"line":23,"column":54}},{"start":{"line":23,"column":58},"end":{"line":23,"column":98}}],"line":23},"4":{"loc":{"start":{"line":31,"column":6},"end":{"line":36,"column":7}},"type":"if","locations":[{"start":{"line":31,"column":6},"end":{"line":36,"column":7}},{"start":{},"end":{}}],"line":31},"5":{"loc":{"start":{"line":44,"column":6},"end":{"line":44,"column":49}},"type":"if","locations":[{"start":{"line":44,"column":6},"end":{"line":44,"column":49}},{"start":{},"end":{}}],"line":44},"6":{"loc":{"start":{"line":64,"column":6},"end":{"line":72,"column":7}},"type":"if","locations":[{"start":{"line":64,"column":6},"end":{"line":72,"column":7}},{"start":{},"end":{}}],"line":64},"7":{"loc":{"start":{"line":64,"column":10},"end":{"line":65,"column":46}},"type":"binary-expr","locations":[{"start":{"line":64,"column":10},"end":{"line":64,"column":27}},{"start":{"line":64,"column":31},"end":{"line":64,"column":48}},{"start":{"line":65,"column":8},"end":{"line":65,"column":25}},{"start":{"line":65,"column":29},"end":{"line":65,"column":46}}],"line":64},"8":{"loc":{"start":{"line":69,"column":8},"end":{"line":71,"column":9}},"type":"if","locations":[{"start":{"line":69,"column":8},"end":{"line":71,"column":9}},{"start":{},"end":{}}],"line":69},"9":{"loc":{"start":{"line":69,"column":12},"end":{"line":69,"column":52}},"type":"binary-expr","locations":[{"start":{"line":69,"column":12},"end":{"line":69,"column":27}},{"start":{"line":69,"column":31},"end":{"line":69,"column":52}}],"line":69}},"s":{"0":26,"1":26,"2":6,"3":6,"4":6,"5":6,"6":6,"7":6,"8":2,"9":2,"10":2,"11":2,"12":6,"13":6,"14":6,"15":6,"16":8,"17":8,"18":2,"19":11,"20":1,"21":1,"22":46,"23":11,"24":11,"25":11,"26":42,"27":42,"28":28,"29":28,"30":1,"31":10,"32":18,"33":18,"34":18,"35":18,"36":18,"37":180,"38":18,"39":26,"40":26,"41":26,"42":260},"f":{"0":26,"1":6,"2":2,"3":46,"4":11,"5":18,"6":26,"7":260},"b":{"0":[6,0],"1":[6,6],"2":[2,0],"3":[2,2],"4":[6,0],"5":[1,10],"6":[28,14],"7":[42,36,35,29],"8":[1,27],"9":[28,28]},"_coverageSchema":"1a1c01bbd47fc00a2c39e90264f33305004495a9","hash":"c52fa3ce720fa351879e5e2b1a0614365a8d02f9"}
,"/home/brendan/Documents/Coding/projects/battleship/src/player.ts": {"path":"/home/brendan/Documents/Coding/projects/battleship/src/player.ts","statementMap":{"0":{"start":{"line":9,"column":8},"end":{"line":9,"column":41}},"1":{"start":{"line":13,"column":32},"end":{"line":13,"column":40}},"2":{"start":{"line":14,"column":24},"end":{"line":14,"column":53}},"3":{"start":{"line":16,"column":6},"end":{"line":20,"column":7}},"4":{"start":{"line":17,"column":29},"end":{"line":17,"column":55}},"5":{"start":{"line":19,"column":10},"end":{"line":19,"column":27}}},"fnMap":{"0":{"name":"(anonymous_0)","decl":{"start":{"line":8,"column":4},"end":{"line":8,"column":5}},"loc":{"start":{"line":8,"column":18},"end":{"line":10,"column":5}},"line":8},"1":{"name":"(anonymous_1)","decl":{"start":{"line":12,"column":4},"end":{"line":12,"column":5}},"loc":{"start":{"line":12,"column":42},"end":{"line":22,"column":5}},"line":12}},"branchMap":{"0":{"loc":{"start":{"line":16,"column":6},"end":{"line":20,"column":7}},"type":"if","locations":[{"start":{"line":16,"column":6},"end":{"line":20,"column":7}},{"start":{},"end":{}}],"line":16}},"s":{"0":13,"1":5,"2":5,"3":5,"4":2,"5":2},"f":{"0":13,"1":5},"b":{"0":[2,3]},"_coverageSchema":"1a1c01bbd47fc00a2c39e90264f33305004495a9","hash":"622d237126f0c5e6d2382d754bb29101716c2f35"}
,"/home/brendan/Documents/Coding/projects/battleship/src/ship.ts": {"path":"/home/brendan/Documents/Coding/projects/battleship/src/ship.ts","statementMap":{"0":{"start":{"line":7,"column":8},"end":{"line":7,"column":23}},"1":{"start":{"line":8,"column":8},"end":{"line":8,"column":29}},"2":{"start":{"line":9,"column":8},"end":{"line":9,"column":27}},"3":{"start":{"line":13,"column":8},"end":{"line":13,"column":22}},"4":{"start":{"line":14,"column":8},"end":{"line":14,"column":43}},"5":{"start":{"line":14,"column":31},"end":{"line":14,"column":43}},"6":{"start":{"line":17,"column":21},"end":{"line":17,"column":40}}},"fnMap":{"0":{"name":"(anonymous_0)","decl":{"start":{"line":6,"column":4},"end":{"line":6,"column":5}},"loc":{"start":{"line":6,"column":45},"end":{"line":10,"column":5}},"line":6},"1":{"name":"(anonymous_1)","decl":{"start":{"line":12,"column":4},"end":{"line":12,"column":5}},"loc":{"start":{"line":12,"column":10},"end":{"line":15,"column":5}},"line":12},"2":{"name":"(anonymous_2)","decl":{"start":{"line":17,"column":4},"end":{"line":17,"column":5}},"loc":{"start":{"line":17,"column":19},"end":{"line":17,"column":42}},"line":17}},"branchMap":{"0":{"loc":{"start":{"line":14,"column":8},"end":{"line":14,"column":43}},"type":"if","locations":[{"start":{"line":14,"column":8},"end":{"line":14,"column":43}},{"start":{},"end":{}}],"line":14}},"s":{"0":188,"1":188,"2":188,"3":3,"4":3,"5":2,"6":2},"f":{"0":188,"1":3,"2":2},"b":{"0":[2,1]},"_coverageSchema":"1a1c01bbd47fc00a2c39e90264f33305004495a9","hash":"b998dd191fe4099c5e7d4c84d956877dd7cf8663"}
}
