{"/home/brendan/Documents/Coding/projects/battleship/src/battleships.ts": {"path":"/home/brendan/Documents/Coding/projects/battleship/src/battleships.ts","statementMap":{"0":{"start":{"line":6,"column":24},"end":{"line":6,"column":36}},"1":{"start":{"line":7,"column":24},"end":{"line":7,"column":36}}},"fnMap":{"0":{"name":"(anonymous_0)","decl":{"start":{"line":5,"column":4},"end":{"line":5,"column":5}},"loc":{"start":{"line":5,"column":18},"end":{"line":8,"column":5}},"line":5}},"branchMap":{},"s":{"0":1,"1":1},"f":{"0":1},"b":{},"_coverageSchema":"1a1c01bbd47fc00a2c39e90264f33305004495a9","hash":"eb44e0af5d7ef9dbbab1cd4a2c124d3f45093bd4"}
,"/home/brendan/Documents/Coding/projects/battleship/src/gameboard.ts": {"path":"/home/brendan/Documents/Coding/projects/battleship/src/gameboard.ts","statementMap":{"0":{"start":{"line":9,"column":4},"end":{"line":9,"column":41}},"1":{"start":{"line":10,"column":4},"end":{"line":10,"column":41}},"2":{"start":{"line":14,"column":4},"end":{"line":14,"column":42}},"3":{"start":{"line":18,"column":4},"end":{"line":18,"column":42}},"4":{"start":{"line":22,"column":16},"end":{"line":27,"column":5}},"5":{"start":{"line":29,"column":4},"end":{"line":42,"column":5}},"6":{"start":{"line":29,"column":17},"end":{"line":29,"column":18}},"7":{"start":{"line":30,"column":19},"end":{"line":30,"column":25}},"8":{"start":{"line":32,"column":6},"end":{"line":41,"column":7}},"9":{"start":{"line":38,"column":8},"end":{"line":40,"column":9}},"10":{"start":{"line":39,"column":10},"end":{"line":39,"column":23}},"11":{"start":{"line":44,"column":4},"end":{"line":44,"column":16}},"12":{"start":{"line":48,"column":4},"end":{"line":55,"column":5}},"13":{"start":{"line":52,"column":6},"end":{"line":52,"column":43}},"14":{"start":{"line":54,"column":6},"end":{"line":54,"column":19}},"15":{"start":{"line":59,"column":22},"end":{"line":59,"column":24}},"16":{"start":{"line":60,"column":23},"end":{"line":60,"column":25}},"17":{"start":{"line":61,"column":24},"end":{"line":61,"column":54}},"18":{"start":{"line":63,"column":4},"end":{"line":65,"column":5}},"19":{"start":{"line":63,"column":17},"end":{"line":63,"column":18}},"20":{"start":{"line":64,"column":6},"end":{"line":64,"column":49}},"21":{"start":{"line":67,"column":4},"end":{"line":67,"column":21}},"22":{"start":{"line":71,"column":17},"end":{"line":71,"column":19}},"23":{"start":{"line":72,"column":20},"end":{"line":72,"column":22}},"24":{"start":{"line":74,"column":4},"end":{"line":74,"column":70}},"25":{"start":{"line":74,"column":38},"end":{"line":74,"column":68}}},"fnMap":{"0":{"name":"(anonymous_0)","decl":{"start":{"line":8,"column":2},"end":{"line":8,"column":3}},"loc":{"start":{"line":8,"column":16},"end":{"line":11,"column":3}},"line":8},"1":{"name":"(anonymous_1)","decl":{"start":{"line":13,"column":2},"end":{"line":13,"column":3}},"loc":{"start":{"line":13,"column":27},"end":{"line":15,"column":3}},"line":13},"2":{"name":"(anonymous_2)","decl":{"start":{"line":17,"column":2},"end":{"line":17,"column":3}},"loc":{"start":{"line":17,"column":32},"end":{"line":19,"column":3}},"line":17},"3":{"name":"(anonymous_3)","decl":{"start":{"line":21,"column":2},"end":{"line":21,"column":3}},"loc":{"start":{"line":21,"column":36},"end":{"line":45,"column":3}},"line":21},"4":{"name":"(anonymous_4)","decl":{"start":{"line":47,"column":2},"end":{"line":47,"column":3}},"loc":{"start":{"line":47,"column":40},"end":{"line":56,"column":3}},"line":47},"5":{"name":"(anonymous_5)","decl":{"start":{"line":58,"column":2},"end":{"line":58,"column":3}},"loc":{"start":{"line":58,"column":23},"end":{"line":68,"column":3}},"line":58},"6":{"name":"(anonymous_6)","decl":{"start":{"line":70,"column":2},"end":{"line":70,"column":3}},"loc":{"start":{"line":70,"column":23},"end":{"line":75,"column":3}},"line":70},"7":{"name":"(anonymous_7)","decl":{"start":{"line":74,"column":32},"end":{"line":74,"column":33}},"loc":{"start":{"line":74,"column":38},"end":{"line":74,"column":68}},"line":74}},"branchMap":{"0":{"loc":{"start":{"line":32,"column":6},"end":{"line":41,"column":7}},"type":"if","locations":[{"start":{"line":32,"column":6},"end":{"line":41,"column":7}},{"start":{},"end":{}}],"line":32},"1":{"loc":{"start":{"line":33,"column":8},"end":{"line":36,"column":25}},"type":"binary-expr","locations":[{"start":{"line":33,"column":8},"end":{"line":33,"column":25}},{"start":{"line":34,"column":8},"end":{"line":34,"column":25}},{"start":{"line":35,"column":8},"end":{"line":35,"column":25}},{"start":{"line":36,"column":8},"end":{"line":36,"column":25}}],"line":33},"2":{"loc":{"start":{"line":38,"column":8},"end":{"line":40,"column":9}},"type":"if","locations":[{"start":{"line":38,"column":8},"end":{"line":40,"column":9}},{"start":{},"end":{}}],"line":38},"3":{"loc":{"start":{"line":48,"column":4},"end":{"line":55,"column":5}},"type":"if","locations":[{"start":{"line":48,"column":4},"end":{"line":55,"column":5}},{"start":{"line":53,"column":11},"end":{"line":55,"column":5}}],"line":48},"4":{"loc":{"start":{"line":49,"column":6},"end":{"line":50,"column":37}},"type":"binary-expr","locations":[{"start":{"line":49,"column":6},"end":{"line":49,"column":42}},{"start":{"line":50,"column":6},"end":{"line":50,"column":37}}],"line":49}},"s":{"0":20,"1":20,"2":32,"3":1,"4":8,"5":8,"6":8,"7":30,"8":30,"9":20,"10":1,"11":7,"12":6,"13":5,"14":1,"15":20,"16":20,"17":20,"18":20,"19":20,"20":200,"21":20,"22":20,"23":20,"24":20,"25":200},"f":{"0":20,"1":32,"2":1,"3":8,"4":6,"5":20,"6":20,"7":200},"b":{"0":[20,10],"1":[30,27,25,22],"2":[1,19],"3":[5,1],"4":[6,5]},"_coverageSchema":"1a1c01bbd47fc00a2c39e90264f33305004495a9","hash":"2f7c69b72a7bebfee353a1ea61e481e2150f1661"}
,"/home/brendan/Documents/Coding/projects/battleship/src/player.ts": {"path":"/home/brendan/Documents/Coding/projects/battleship/src/player.ts","statementMap":{"0":{"start":{"line":9,"column":8},"end":{"line":9,"column":41}},"1":{"start":{"line":13,"column":22},"end":{"line":13,"column":42}},"2":{"start":{"line":14,"column":24},"end":{"line":14,"column":47}},"3":{"start":{"line":16,"column":6},"end":{"line":20,"column":7}},"4":{"start":{"line":17,"column":29},"end":{"line":17,"column":49}},"5":{"start":{"line":19,"column":10},"end":{"line":19,"column":27}}},"fnMap":{"0":{"name":"(anonymous_0)","decl":{"start":{"line":8,"column":4},"end":{"line":8,"column":5}},"loc":{"start":{"line":8,"column":18},"end":{"line":10,"column":5}},"line":8},"1":{"name":"(anonymous_1)","decl":{"start":{"line":12,"column":4},"end":{"line":12,"column":5}},"loc":{"start":{"line":12,"column":42},"end":{"line":22,"column":5}},"line":12}},"branchMap":{"0":{"loc":{"start":{"line":16,"column":6},"end":{"line":20,"column":7}},"type":"if","locations":[{"start":{"line":16,"column":6},"end":{"line":20,"column":7}},{"start":{},"end":{}}],"line":16}},"s":{"0":9,"1":4,"2":4,"3":4,"4":1,"5":1},"f":{"0":9,"1":4},"b":{"0":[1,3]},"_coverageSchema":"1a1c01bbd47fc00a2c39e90264f33305004495a9","hash":"84b5f1a729a786361270dd74313b8f965da03dd7"}
,"/home/brendan/Documents/Coding/projects/battleship/src/ship.ts": {"path":"/home/brendan/Documents/Coding/projects/battleship/src/ship.ts","statementMap":{"0":{"start":{"line":8,"column":8},"end":{"line":8,"column":22}},"1":{"start":{"line":9,"column":8},"end":{"line":9,"column":29}},"2":{"start":{"line":10,"column":8},"end":{"line":10,"column":28}},"3":{"start":{"line":14,"column":8},"end":{"line":14,"column":22}}},"fnMap":{"0":{"name":"(anonymous_0)","decl":{"start":{"line":7,"column":4},"end":{"line":7,"column":5}},"loc":{"start":{"line":7,"column":45},"end":{"line":11,"column":5}},"line":7},"1":{"name":"(anonymous_1)","decl":{"start":{"line":13,"column":4},"end":{"line":13,"column":5}},"loc":{"start":{"line":13,"column":10},"end":{"line":15,"column":5}},"line":13}},"branchMap":{},"s":{"0":92,"1":92,"2":92,"3":1},"f":{"0":92,"1":1},"b":{},"_coverageSchema":"1a1c01bbd47fc00a2c39e90264f33305004495a9","hash":"551562041f40c82b9f067ec78e77887dc16b116c"}
}
