TN:
SF:src/battleships.ts
FN:5,(anonymous_1)
FNF:1
FNH:1
FNDA:1,(anonymous_1)
DA:1,1
DA:3,1
DA:6,1
DA:7,1
LF:4
LH:4
BRF:0
BRH:0
end_of_record
TN:
SF:src/gameboard.ts
FN:9,(anonymous_1)
FN:14,(anonymous_2)
FN:18,(anonymous_3)
FN:22,(anonymous_4)
FN:46,(anonymous_5)
FN:60,(anonymous_6)
FN:72,(anonymous_7)
FN:76,(anonymous_8)
FNF:8
FNH:8
FNDA:10,(anonymous_1)
FNDA:25,(anonymous_2)
FNDA:1,(anonymous_3)
FNDA:7,(anonymous_4)
FNDA:5,(anonymous_5)
FNDA:10,(anonymous_6)
FNDA:10,(anonymous_7)
FNDA:100,(anonymous_8)
DA:1,3
DA:5,3
DA:10,10
DA:11,10
DA:15,25
DA:19,1
DA:23,7
DA:30,7
DA:31,26
DA:33,26
DA:37,18
DA:38,1
DA:43,6
DA:48,5
DA:50,4
DA:54,1
DA:61,10
DA:62,10
DA:63,10
DA:65,10
DA:66,100
DA:69,10
DA:73,10
DA:74,10
DA:76,100
LF:25
LH:25
BRDA:15,0,0,22
BRDA:15,0,1,3
BRDA:33,1,0,18
BRDA:34,2,0,26
BRDA:34,2,1,24
BRDA:34,2,2,22
BRDA:34,2,3,20
BRDA:37,3,0,1
BRDA:48,4,0,4
BRDA:48,4,1,1
BRDA:48,5,0,5
BRDA:48,5,1,4
BRF:12
BRH:12
end_of_record
TN:
SF:src/player.ts
FN:7,(anonymous_1)
FNF:1
FNH:1
FNDA:1,(anonymous_1)
DA:1,2
DA:3,2
DA:8,1
LF:3
LH:3
BRF:0
BRH:0
end_of_record
TN:
SF:src/ship.ts
FN:7,(anonymous_0)
FNF:1
FNH:1
FNDA:2,(anonymous_0)
DA:1,4
DA:8,2
DA:9,2
DA:10,2
LF:4
LH:4
BRF:0
BRH:0
end_of_record
