TN:
SF:src/battleships.ts
FN:5,(anonymous_0)
FNF:1
FNH:1
FNDA:1,(anonymous_0)
DA:6,1
DA:7,1
LF:2
LH:2
BRF:0
BRH:0
end_of_record
TN:
SF:src/gameboard.ts
FN:8,(anonymous_0)
FN:13,(anonymous_1)
FN:42,(anonymous_2)
FN:50,(anonymous_3)
FN:54,(anonymous_4)
FN:78,(anonymous_5)
FN:90,(anonymous_6)
FN:94,(anonymous_7)
FNF:8
FNH:8
FNDA:27,(anonymous_0)
FNDA:6,(anonymous_1)
FNDA:2,(anonymous_2)
FNDA:46,(anonymous_3)
FNDA:11,(anonymous_4)
FNDA:19,(anonymous_5)
FNDA:27,(anonymous_6)
FNDA:270,(anonymous_7)
DA:9,27
DA:10,27
DA:15,6
DA:16,6
DA:17,6
DA:19,6
DA:21,6
DA:22,2
DA:23,2
DA:24,2
DA:25,2
DA:29,6
DA:31,6
DA:32,6
DA:33,8
DA:34,8
DA:43,2
DA:44,11
DA:47,1
DA:51,46
DA:55,11
DA:62,11
DA:63,42
DA:64,42
DA:67,28
DA:69,28
DA:70,1
DA:75,10
DA:79,19
DA:80,19
DA:81,19
DA:83,19
DA:84,190
DA:87,19
DA:91,27
DA:92,27
DA:94,270
LF:37
LH:37
BRDA:19,0,0,6
BRDA:19,0,1,0
BRDA:19,1,0,6
BRDA:19,1,1,6
BRDA:23,2,0,2
BRDA:23,2,1,0
BRDA:23,3,0,2
BRDA:23,3,1,2
BRDA:31,4,0,6
BRDA:31,4,1,0
BRDA:44,5,0,1
BRDA:44,5,1,10
BRDA:64,6,0,28
BRDA:64,6,1,14
BRDA:64,7,0,42
BRDA:64,7,1,36
BRDA:64,7,2,35
BRDA:64,7,3,29
BRDA:69,8,0,1
BRDA:69,8,1,27
BRDA:69,9,0,28
BRDA:69,9,1,28
BRF:22
BRH:19
end_of_record
TN:
SF:src/player.ts
FN:8,(anonymous_0)
FN:12,(anonymous_1)
FNF:2
FNH:2
FNDA:13,(anonymous_0)
FNDA:5,(anonymous_1)
DA:9,13
DA:13,5
DA:14,5
DA:16,5
DA:17,2
DA:19,2
LF:6
LH:6
BRDA:16,0,0,2
BRDA:16,0,1,3
BRF:2
BRH:2
end_of_record
TN:
SF:src/ship.ts
FN:6,(anonymous_0)
FN:12,(anonymous_1)
FN:17,(anonymous_2)
FNF:3
FNH:3
FNDA:123,(anonymous_0)
FNDA:3,(anonymous_1)
FNDA:2,(anonymous_2)
DA:7,123
DA:8,123
DA:9,123
DA:13,3
DA:14,3
DA:17,2
LF:6
LH:6
BRDA:14,0,0,2
BRDA:14,0,1,1
BRF:2
BRH:2
end_of_record
